<?xml version="1.0" encoding="UTF-8"?>
<!-- Generated by org.testng.reporters.JUnitXMLReporter -->
<testsuite hostname="locker-PC" ignored="0" name="Login" tests="5" failures="0" timestamp="11 Jun 2017 17:58:39 GMT" time="32.812" errors="0">
  <testcase name="TestCase" time="0.018" classname="sanity.LoginTest"/>
  <testcase name="regsByCustomerId" time="3.064" classname="sanity.RegsByCustId"/>
  <testcase name="regsBySourceSys" time="3.745" classname="sanity.RegsBySourSys"/>
  <testcase name="gstResgMaster" time="9.799" classname="sanity.GSTRegisMaster"/>
  <testcase name="Test" time="1.197" classname="sanity.LogoutTest"/>
</testsuite> <!-- Login -->
